[2025-11-20 22:35:00] Starting JSON export process...
[2025-11-20 22:35:00] WARNING: Refresh flag detected - Refreshing all materialized views...
  module  |                            view_name                             | status  | execution_time  |        refreshed_at        
----------+------------------------------------------------------------------+---------+-----------------+----------------------------
 Sales    | mv_monthly_sales_dashboard, mv_executive_summary                 | SUCCESS | 00:00:00.840131 | 2025-11-20 22:35:10.438074
 Product  | mv_top_products, mv_abc_analysis                                 | SUCCESS | 00:00:02.035051 | 2025-11-20 22:35:12.473523
 Customer | mv_customer_lifetime_value, mv_rfm_analysis, mv_cohort_retention | SUCCESS | 00:00:01.881186 | 2025-11-20 22:35:14.354814
 Store    | mv_store_performance                                             | SUCCESS | 00:00:00.152606 | 2025-11-20 22:35:14.507634
(4 rows)

[2025-11-20 22:35:14] SUCCESS: All materialized views refreshed successfully!
[2025-11-20 22:35:14] INFO: Creating directory structure...
[2025-11-20 22:35:14] INFO: Created directory: ./03_dashboard/data/sales
[2025-11-20 22:35:14] INFO: Created directory: ./03_dashboard/data/products
[2025-11-20 22:35:15] INFO: Created directory: ./03_dashboard/data/customers
[2025-11-20 22:35:15] INFO: Created directory: ./03_dashboard/data/stores
[2025-11-20 22:35:15] INFO: Exporting: Executive Summary KPIs
[2025-11-20 22:35:19] SUCCESS: Exported: ./03_dashboard/data/sales/executive_summary.json
[2025-11-20 22:35:20] INFO: Exporting: Monthly Sales Trend (12 months)
[2025-11-20 22:35:22] SUCCESS: Exported: ./03_dashboard/data/sales/monthly_trend.json
[2025-11-20 22:35:22] INFO: Exporting: Recent 30-Day Trend
[2025-11-20 22:35:24] SUCCESS: Exported: ./03_dashboard/data/sales/recent_trend.json
[2025-11-20 22:35:25] INFO: Exporting: Sales by Day of Week
[2025-11-20 22:35:26] SUCCESS: Exported: ./03_dashboard/data/sales/dayofweek.json
[2025-11-20 22:35:26] INFO: Exporting: Sales by Payment Mode
[2025-11-20 22:35:28] SUCCESS: Exported: ./03_dashboard/data/sales/payment_mode.json
[2025-11-20 22:35:28] INFO: Exporting: Quarterly Sales Performance
[2025-11-20 22:35:30] SUCCESS: Exported: ./03_dashboard/data/sales/quarterly_sales.json
[2025-11-20 22:35:30] INFO: Exporting: Weekend vs Weekday Sales
[2025-11-20 22:35:32] SUCCESS: Exported: ./03_dashboard/data/sales/weekend_weekday.json
[2025-11-20 22:35:32] INFO: Exporting: Top 20 Products
[2025-11-20 22:35:33] SUCCESS: Exported: ./03_dashboard/data/products/top_products.json
[2025-11-20 22:35:33] INFO: Exporting: Category Performance
[2025-11-20 22:35:36] SUCCESS: Exported: ./03_dashboard/data/products/category_performance.json
[2025-11-20 22:35:36] INFO: Exporting: Brand Performance (Top 20)
[2025-11-20 22:35:40] SUCCESS: Exported: ./03_dashboard/data/products/brand_performance.json
[2025-11-20 22:35:40] INFO: Exporting: ABC Classification
[2025-11-20 22:35:42] SUCCESS: Exported: ./03_dashboard/data/products/abc_analysis.json
[2025-11-20 22:35:42] INFO: Exporting: Inventory Status Summary
[2025-11-20 22:35:43] SUCCESS: Exported: ./03_dashboard/data/products/inventory_status.json
[2025-11-20 22:35:44] INFO: Exporting: Top 50 Customers by CLV
[2025-11-20 22:35:45] SUCCESS: Exported: ./03_dashboard/data/customers/top_customers.json
[2025-11-20 22:35:46] INFO: Exporting: CLV Tier Distribution
[2025-11-20 22:35:47] SUCCESS: Exported: ./03_dashboard/data/customers/clv_distribution.json
[2025-11-20 22:35:47] INFO: Exporting: RFM Customer Segments
[2025-11-20 22:35:49] SUCCESS: Exported: ./03_dashboard/data/customers/rfm_segments.json
[2025-11-20 22:35:49] INFO: Exporting: Churn Risk Analysis
[2025-11-20 22:35:51] SUCCESS: Exported: ./03_dashboard/data/customers/churn_risk.json
[2025-11-20 22:35:51] INFO: Exporting: Customer Demographics
[2025-11-20 22:35:53] SUCCESS: Exported: ./03_dashboard/data/customers/demographics.json
[2025-11-20 22:35:53] INFO: Exporting: Geographic Distribution (Top 50)
[2025-11-20 22:35:55] SUCCESS: Exported: ./03_dashboard/data/customers/geography.json
[2025-11-20 22:35:55] INFO: Exporting: Top 20 Stores
[2025-11-20 22:35:57] SUCCESS: Exported: ./03_dashboard/data/stores/top_stores.json
[2025-11-20 22:35:57] INFO: Exporting: Regional Performance Summary
[2025-11-20 22:36:02] SUCCESS: Exported: ./03_dashboard/data/stores/regional_performance.json
[2025-11-20 22:36:02] INFO: Exporting: Store Inventory Health
[2025-11-20 22:36:05] SUCCESS: Exported: ./03_dashboard/data/stores/store_inventory.json
[2025-11-20 22:36:05] INFO: Exporting: Employee Distribution by Store
[2025-11-20 22:36:06] SUCCESS: Exported: ./03_dashboard/data/stores/employee_distribution.json
[2025-11-20 22:36:06] SUCCESS: All JSON files exported successfully!
[2025-11-20 22:36:06] JSON export process completed successfully
